[debug] [2024-06-07T13:23:56.690Z] ----------------------------------------------------------------------
[debug] [2024-06-07T13:23:56.694Z] Command:       /Users/biancacamargodepaulamelo/.nvm/versions/node/v18.10.0/bin/node /Users/biancacamargodepaulamelo/Library/pnpm/global/5/node_modules/firebase-tools/lib/bin/firebase.js deploy
[debug] [2024-06-07T13:23:56.695Z] CLI Version:   12.6.1
[debug] [2024-06-07T13:23:56.695Z] Platform:      darwin
[debug] [2024-06-07T13:23:56.696Z] Node Version:  v18.10.0
[debug] [2024-06-07T13:23:56.704Z] Time:          Fri Jun 07 2024 10:23:56 GMT-0300 (Horário Padrão de Brasília)
[debug] [2024-06-07T13:23:56.704Z] ----------------------------------------------------------------------
[debug] 
[debug] [2024-06-07T13:23:56.857Z] > command requires scopes: ["email","openid","https://www.googleapis.com/auth/cloudplatformprojects.readonly","https://www.googleapis.com/auth/firebase","https://www.googleapis.com/auth/cloud-platform"]
[debug] [2024-06-07T13:23:56.858Z] > authorizing via signed-in user (biaahcamargo.bc@gmail.com)
[debug] [2024-06-07T13:23:56.858Z] [iam] checking project astrologica-3dfdd for permissions ["firebase.projects.get","firebasehosting.sites.update"]
[debug] [2024-06-07T13:23:56.862Z] > refreshing access token with scopes: []
[debug] [2024-06-07T13:23:56.863Z] >>> [apiv2][query] POST https://www.googleapis.com/oauth2/v3/token [none]
[debug] [2024-06-07T13:23:56.864Z] >>> [apiv2][body] POST https://www.googleapis.com/oauth2/v3/token [omitted]
[debug] [2024-06-07T13:23:57.308Z] <<< [apiv2][status] POST https://www.googleapis.com/oauth2/v3/token 400
[debug] [2024-06-07T13:23:57.309Z] <<< [apiv2][body] POST https://www.googleapis.com/oauth2/v3/token [omitted]
[debug] [2024-06-07T13:23:57.309Z] >>> [apiv2][query] POST https://cloudresourcemanager.googleapis.com/v1/projects/astrologica-3dfdd:testIamPermissions [none]
[debug] [2024-06-07T13:23:57.309Z] >>> [apiv2][(partial)header] POST https://cloudresourcemanager.googleapis.com/v1/projects/astrologica-3dfdd:testIamPermissions x-goog-quota-user=projects/astrologica-3dfdd
[debug] [2024-06-07T13:23:57.309Z] >>> [apiv2][body] POST https://cloudresourcemanager.googleapis.com/v1/projects/astrologica-3dfdd:testIamPermissions {"permissions":["firebase.projects.get","firebasehosting.sites.update"]}
[debug] [2024-06-07T13:23:58.370Z] <<< [apiv2][status] POST https://cloudresourcemanager.googleapis.com/v1/projects/astrologica-3dfdd:testIamPermissions 401
[debug] [2024-06-07T13:23:58.370Z] <<< [apiv2][body] POST https://cloudresourcemanager.googleapis.com/v1/projects/astrologica-3dfdd:testIamPermissions {"error":{"code":401,"message":"Request had invalid authentication credentials. Expected OAuth 2 access token, login cookie or other valid authentication credential. See https://developers.google.com/identity/sign-in/web/devconsole-project.","status":"UNAUTHENTICATED","details":[{"@type":"type.googleapis.com/google.rpc.ErrorInfo","reason":"ACCESS_TOKEN_TYPE_UNSUPPORTED","metadata":{"method":"google.cloudresourcemanager.v1.Projects.TestIamPermissions","service":"cloudresourcemanager.googleapis.com"}}]}}
[debug] [2024-06-07T13:23:58.371Z] [iam] error while checking permissions, command may fail: FirebaseError: HTTP Error: 401, Request had invalid authentication credentials. Expected OAuth 2 access token, login cookie or other valid authentication credential. See https://developers.google.com/identity/sign-in/web/devconsole-project.
[debug] [2024-06-07T13:23:58.371Z] > refreshing access token with scopes: []
[debug] [2024-06-07T13:23:58.371Z] >>> [apiv2][query] POST https://www.googleapis.com/oauth2/v3/token [none]
[debug] [2024-06-07T13:23:58.371Z] >>> [apiv2][body] POST https://www.googleapis.com/oauth2/v3/token [omitted]
[debug] [2024-06-07T13:23:58.877Z] <<< [apiv2][status] POST https://www.googleapis.com/oauth2/v3/token 400
[debug] [2024-06-07T13:23:58.877Z] <<< [apiv2][body] POST https://www.googleapis.com/oauth2/v3/token [omitted]
[debug] [2024-06-07T13:23:58.878Z] >>> [apiv2][query] GET https://firebase.googleapis.com/v1beta1/projects/astrologica-3dfdd [none]
[debug] [2024-06-07T13:23:59.931Z] <<< [apiv2][status] GET https://firebase.googleapis.com/v1beta1/projects/astrologica-3dfdd 401
[debug] [2024-06-07T13:23:59.931Z] <<< [apiv2][body] GET https://firebase.googleapis.com/v1beta1/projects/astrologica-3dfdd {"error":{"code":401,"message":"Request had invalid authentication credentials. Expected OAuth 2 access token, login cookie or other valid authentication credential. See https://developers.google.com/identity/sign-in/web/devconsole-project.","status":"UNAUTHENTICATED"}}
[debug] [2024-06-07T13:23:59.932Z] HTTP Error: 401, Request had invalid authentication credentials. Expected OAuth 2 access token, login cookie or other valid authentication credential. See https://developers.google.com/identity/sign-in/web/devconsole-project.
[debug] [2024-06-07T13:24:00.222Z] FirebaseError: HTTP Error: 401, Request had invalid authentication credentials. Expected OAuth 2 access token, login cookie or other valid authentication credential. See https://developers.google.com/identity/sign-in/web/devconsole-project.
    at responseToError (/Users/biancacamargodepaulamelo/Library/pnpm/global/5/.pnpm/firebase-tools@12.6.1/node_modules/firebase-tools/lib/responseToError.js:49:12)
    at RetryOperation._fn (/Users/biancacamargodepaulamelo/Library/pnpm/global/5/.pnpm/firebase-tools@12.6.1/node_modules/firebase-tools/lib/apiv2.js:285:77)
    at process.processTicksAndRejections (node:internal/process/task_queues:95:5)
[error] 
[error] Error: Failed to get Firebase project astrologica-3dfdd. Please make sure the project exists and your account has permission to access it.
